<?xml version="1.0" encoding="UTF-8"?>
<testsuite name="ct417_assignment1.MainTest" tests="1" skipped="0" failures="0" errors="0" timestamp="2022-10-07T17:28:38" hostname="DESKTOP-VCG3B7H" time="0.082">
  <properties/>
  <testcase name="testMain" classname="ct417_assignment1.MainTest" time="0.082"/>
  <system-out><![CDATA[Hi, my name is Jimmy Steve. I'm a student of Computers which is taught by Teachy MacGuffin, who is 52 years young.
]]></system-out>
  <system-err><![CDATA[]]></system-err>
</testsuite>
